<?xml version="1.0" encoding="UTF-8"?>
<!-- Generated by org.testng.reporters.JUnitReportReporter -->
<testsuite hostname="MSI" failures="0" tests="1" name="testCases.ProfileTestCases" time="7.773" errors="0" timestamp="2023-04-14T18:13:54 IST" skipped="0">
  <testcase classname="testCases.ProfileTestCases" name="profileEndToEnd" time="7.773"/>
  <system-out/>
</testsuite> <!-- testCases.ProfileTestCases -->
