<?xml version="1.0" encoding="UTF-8"?>
<!-- Generated by org.testng.reporters.JUnitReportReporter -->
<testsuite hostname="MSI" failures="0" tests="12" name="testCases.LogInTestCases" time="27.032" errors="0" timestamp="2023-04-14T18:13:54 IST" skipped="0">
  <testcase classname="testCases.LogInTestCases" name="verifyUserWithInvalidData" time="2.648"/>
  <system-out/>
  <testcase classname="testCases.LogInTestCases" name="homePageEndToEndWithAlternetFlow" time="3.672"/>
  <system-out/>
  <testcase classname="testCases.LogInTestCases" name="verifyUserWithInvalidData" time="1.959"/>
  <system-out/>
  <testcase classname="testCases.LogInTestCases" name="verifyUserWithInvalidData" time="1.972"/>
  <system-out/>
  <testcase classname="testCases.LogInTestCases" name="verifyUserWithInvalidData" time="2.262"/>
  <system-out/>
  <testcase classname="testCases.LogInTestCases" name="verifyUserWithInvalidData" time="2.430"/>
  <system-out/>
  <testcase classname="testCases.LogInTestCases" name="verifyTheLogo" time="0.683"/>
  <system-out/>
  <testcase classname="testCases.LogInTestCases" name="homePageEndToEndBasicFlow" time="3.158"/>
  <system-out/>
  <testcase classname="testCases.LogInTestCases" name="verifyUserWithInvalidData" time="2.066"/>
  <system-out/>
  <testcase classname="testCases.LogInTestCases" name="verifyUserWithInvalidData" time="1.749"/>
  <system-out/>
  <testcase classname="testCases.LogInTestCases" name="verifyWithValidUser" time="2.709"/>
  <system-out/>
  <testcase classname="testCases.LogInTestCases" name="verifyUserWithInvalidData" time="1.724"/>
  <system-out/>
</testsuite> <!-- testCases.LogInTestCases -->
