<?xml version="1.0" encoding="UTF-8"?>
<!-- Generated by org.testng.reporters.JUnitReportReporter -->
<testsuite hostname="MSI" failures="0" tests="2" name="testCases.MakeAppointmentTestCase" time="11.896" errors="0" timestamp="2023-04-14T18:13:54 IST" skipped="0">
  <testcase classname="testCases.MakeAppointmentTestCase" name="makeAppointmentEndToEndAlternetFlow" time="5.952"/>
  <system-out/>
  <testcase classname="testCases.MakeAppointmentTestCase" name="makeAppointmentEndToEnd" time="5.944"/>
  <system-out/>
</testsuite> <!-- testCases.MakeAppointmentTestCase -->
