<?xml version="1.0" encoding="UTF-8"?>
<!-- Generated by org.testng.reporters.JUnitReportReporter -->
<testsuite hostname="MSI" failures="0" tests="2" name="testCases.HistoryTestCases" time="10.987" errors="0" timestamp="2023-04-14T18:13:54 IST" skipped="0">
  <testcase classname="testCases.HistoryTestCases" name="HistoryEndToEnd" time="4.434"/>
  <system-out/>
  <testcase classname="testCases.HistoryTestCases" name="addingAppointmtDisplyInHisty" time="6.553"/>
  <system-out/>
</testsuite> <!-- testCases.HistoryTestCases -->
